#
# A fatal error has been detected by the Java Runtime Environment:
#
#  EXCEPTION_ACCESS_VIOLATION (0xc0000005) at pc=0x000000000d241066, pid=4220, tid=1380
#
# JRE version: 7.0_11-b21
# Java VM: Java HotSpot(TM) 64-Bit Server VM (23.6-b04 mixed mode windows-amd64 compressed oops)
# Problematic frame:
# C  [OpenAL64.dll+0x11066]  alProcessUpdatesSOFT+0x15a2
#
# Failed to write core dump. Minidumps are not enabled by default on client versions of Windows
#
# If you would like to submit a bug report, please visit:
#   http://bugreport.sun.com/bugreport/crash.jsp
# The crash happened outside the Java Virtual Machine in native code.
# See problematic frame for where to report the bug.
#

---------------  T H R E A D  ---------------

Current thread (0x000000000dcbf800):  JavaThread "jME3 Audio Thread" daemon [_thread_in_native, id=1380, stack(0x000000000e570000,0x000000000e670000)]

siginfo: ExceptionCode=0xc0000005, reading address 0x0000000009ef4004

Registers:
RAX=0x0000000000000004, RBX=0x000000000e800090, RCX=0x0000000009ef4008, RDX=0x0000000009ef4004
RSP=0x000000000e66f290, RBP=0x00000000000000ff, RSI=0x0000000009ef1d5c, RDI=0x0000000000000000
R8 =0x00000000000008aa, R9 =0x0000000009ef1d5c, R10=0x0000000001f6237c, R11=0x0000000067522070
R12=0x0000000000000001, R13=0x00000000bd5b3b08, R14=0x000000000e66f430, R15=0x000000000dcbf800
RIP=0x000000000d241066, EFLAGS=0x0000000000010202

Top of Stack: (sp=0x000000000e66f290)
0x000000000e66f290:   000000000e660000 0000000000000000
0x000000000e66f2a0:   0000000000000000 0000000067416900
0x000000000e66f2b0:   0000000000000000 0000000000000000
0x000000000e66f2c0:   000000000dcbf800 000000000e66f430
0x000000000e66f2d0:   00000000bd5b3b08 0000000000000000
0x000000000e66f2e0:   000000000dcbf800 00000000bd31bb20
0x000000000e66f2f0:   0000000009e9ebe0 00000000673ddc66
0x000000000e66f300:   000000000dcbf800 000000000e66f430
0x000000000e66f310:   00000000bd5b3b08 0000000000000000
0x000000000e66f320:   0000000009ef1d5c 00000000bd31bb20
0x000000000e66f330:   000000000e66f3f8 000000000d24248f
0x000000000e66f340:   000000000e800090 000000000e800090
0x000000000e66f350:   000000000000ac44 0000000000000004
0x000000000e66f360:   0000000001f56315 0000000001f623a8
0x000000000e66f370:   00000000bd5b3b08 00000000082c9f78
0x000000000e66f380:   00000000fffffffe 000000000e66f3c8 

Instructions: (pc=0x000000000d241066)
0x000000000d241046:   41 2b ec 81 3a 03 00 02 00 75 09 8b 01 89 84 24
0x000000000d241056:   c8 00 00 00 49 83 c0 02 48 83 c1 08 4a 8d 14 86
0x000000000d241066:   39 3a 75 af 4c 8d 84 24 c0 00 00 00 48 8d 15 d7
0x000000000d241076:   2b 03 00 33 c9 e8 58 5f 00 00 b8 40 1f 00 00 4c 


Register to memory mapping:

RAX=0x0000000000000004 is an unknown value
RBX=0x000000000e800090 is an unknown value
RCX=0x0000000009ef4008 is an unknown value
RDX=0x0000000009ef4004 is an unknown value
RSP=0x000000000e66f290 is pointing into the stack for thread: 0x000000000dcbf800
RBP=0x00000000000000ff is an unknown value
RSI=0x0000000009ef1d5c is an unknown value
RDI=0x0000000000000000 is an unknown value
R8 =0x00000000000008aa is an unknown value
R9 =0x0000000009ef1d5c is an unknown value
R10=0x0000000001f6237c is an Interpreter codelet
method entry point (kind = native)  [0x0000000001f62100, 0x0000000001f62980]  2176 bytes
R11=0x0000000067522070 is an unknown value
R12=0x0000000000000001 is an unknown value
R13=0x00000000bd5b3b08 is an oop
{method} 
 - klass: {other class}
R14=0x000000000e66f430 is pointing into the stack for thread: 0x000000000dcbf800
R15=0x000000000dcbf800 is a thread


Stack: [0x000000000e570000,0x000000000e670000],  sp=0x000000000e66f290,  free space=1020k
Native frames: (J=compiled Java code, j=interpreted, Vv=VM code, C=native code)
C  [OpenAL64.dll+0x11066]  alProcessUpdatesSOFT+0x15a2

Java frames: (J=compiled Java code, j=interpreted, Vv=VM code)
j  org.lwjgl.openal.ALC10.nalcCreateContext(JJ)J+0
j  org.lwjgl.openal.ALC10.alcCreateContext(Lorg/lwjgl/openal/ALCdevice;Ljava/nio/IntBuffer;)Lorg/lwjgl/openal/ALCcontext;+8
j  org.lwjgl.openal.AL.init(Ljava/lang/String;IIZZ)V+69
j  org.lwjgl.openal.AL.create(Ljava/lang/String;IIZZ)V+227
j  org.lwjgl.openal.AL.create(Ljava/lang/String;IIZ)V+5
j  org.lwjgl.openal.AL.create()V+6
j  com.jme3.audio.lwjgl.LwjglAudioRenderer.initInThread()V+6
j  com.jme3.audio.lwjgl.LwjglAudioRenderer.run()V+1
j  java.lang.Thread.run()V+11
v  ~StubRoutines::call_stub

---------------  P R O C E S S  ---------------

Java Threads: ( => current thread )
=>0x000000000dcbf800 JavaThread "jME3 Audio Thread" daemon [_thread_in_native, id=1380, stack(0x000000000e570000,0x000000000e670000)]
  0x0000000001e51000 JavaThread "DestroyJavaVM" [_thread_blocked, id=4580, stack(0x0000000001d10000,0x0000000001e10000)]
  0x0000000009eb4000 JavaThread "LWJGL Renderer Thread" [_thread_blocked, id=4832, stack(0x000000000a360000,0x000000000a460000)]
  0x00000000082c8800 JavaThread "Service Thread" daemon [_thread_blocked, id=5652, stack(0x0000000009a80000,0x0000000009b80000)]
  0x00000000082c2000 JavaThread "C2 CompilerThread1" daemon [_thread_blocked, id=5168, stack(0x0000000009980000,0x0000000009a80000)]
  0x00000000082c0800 JavaThread "C2 CompilerThread0" daemon [_thread_blocked, id=5132, stack(0x0000000009880000,0x0000000009980000)]
  0x00000000082bf800 JavaThread "Attach Listener" daemon [_thread_blocked, id=4116, stack(0x0000000009780000,0x0000000009880000)]
  0x00000000082bc000 JavaThread "Signal Dispatcher" daemon [_thread_blocked, id=5140, stack(0x0000000009680000,0x0000000009780000)]
  0x0000000008256000 JavaThread "Finalizer" daemon [_thread_blocked, id=64, stack(0x0000000009580000,0x0000000009680000)]
  0x000000000824d800 JavaThread "Reference Handler" daemon [_thread_blocked, id=888, stack(0x0000000009480000,0x0000000009580000)]

Other Threads:
  0x0000000008245800 VMThread [stack: 0x0000000009380000,0x0000000009480000] [id=2872]
  0x00000000082e1000 WatcherThread [stack: 0x0000000009b80000,0x0000000009c80000] [id=3620]

VM state:not at safepoint (normal execution)

VM Mutex/Monitor currently owned by a thread: None

Heap
 PSYoungGen      total 18496K, used 10320K [0x00000000eb560000, 0x00000000eca00000, 0x0000000100000000)
  eden space 15872K, 65% used [0x00000000eb560000,0x00000000ebf74220,0x00000000ec4e0000)
  from space 2624K, 0% used [0x00000000ec770000,0x00000000ec770000,0x00000000eca00000)
  to   space 2624K, 0% used [0x00000000ec4e0000,0x00000000ec4e0000,0x00000000ec770000)
 ParOldGen       total 42368K, used 0K [0x00000000c2000000, 0x00000000c4960000, 0x00000000eb560000)
  object space 42368K, 0% used [0x00000000c2000000,0x00000000c2000000,0x00000000c4960000)
 PSPermGen       total 21248K, used 7903K [0x00000000bce00000, 0x00000000be2c0000, 0x00000000c2000000)
  object space 21248K, 37% used [0x00000000bce00000,0x00000000bd5b7fb8,0x00000000be2c0000)

Card table byte_map: [0x0000000005010000,0x0000000005230000] byte_map_base: 0x0000000004a29000

Polling page: 0x0000000000550000

Code Cache  [0x0000000001f50000, 0x00000000021c0000, 0x0000000004f50000)
 total_blobs=397 nmethods=28 adapters=321 free_code_cache=48637Kb largest_free_block=49786048

Compilation events (10 events):
Event: 0.688 Thread 0x00000000082c0800   24             sun.net.www.ParseUtil::encodePath (336 bytes)
Event: 0.707 Thread 0x00000000082c0800 nmethod 24 0x0000000001fd1ed0 code [0x0000000001fd2100, 0x0000000001fd3158]
Event: 0.709 Thread 0x00000000082c2000   25             java.lang.Math::min (11 bytes)
Event: 0.710 Thread 0x00000000082c2000 nmethod 25 0x0000000001fcf090 code [0x0000000001fcf1c0, 0x0000000001fcf218]
Event: 0.740 Thread 0x00000000082c2000   26             java.lang.CharacterData::of (120 bytes)
Event: 0.741 Thread 0x00000000082c2000 nmethod 26 0x0000000001fced90 code [0x0000000001fceee0, 0x0000000001fcef98]
Event: 0.742 Thread 0x00000000082c0800   27             java.lang.CharacterDataLatin1::getProperties (11 bytes)
Event: 0.742 Thread 0x00000000082c0800 nmethod 27 0x0000000001fd3b90 code [0x0000000001fd3cc0, 0x0000000001fd3d38]
Event: 0.756 Thread 0x00000000082c2000   28             java.nio.Buffer::checkIndex (22 bytes)
Event: 0.756 Thread 0x00000000082c2000 nmethod 28 0x0000000001fce210 code [0x0000000001fce340, 0x0000000001fce3b8]

GC Heap History (0 events):
No events

Deoptimization events (0 events):
No events

Internal exceptions (10 events):
Event: 0.790 Thread 0x000000000dcbf800 Threw 0x00000000ebf35518 at C:\jdk7u1_64p\jdk7u11\hotspot\src\share\vm\prims\jvm.cpp:1166
Event: 0.790 Thread 0x000000000dcbf800 Threw 0x00000000ebf35f70 at C:\jdk7u1_64p\jdk7u11\hotspot\src\share\vm\prims\jvm.cpp:1166
Event: 0.791 Thread 0x000000000dcbf800 Threw 0x00000000ebf3ac00 at C:\jdk7u1_64p\jdk7u11\hotspot\src\share\vm\prims\jvm.cpp:1166
Event: 0.791 Thread 0x000000000dcbf800 Threw 0x00000000ebf3b688 at C:\jdk7u1_64p\jdk7u11\hotspot\src\share\vm\prims\jvm.cpp:1166
Event: 0.791 Thread 0x000000000dcbf800 Threw 0x00000000ebf3c0e0 at C:\jdk7u1_64p\jdk7u11\hotspot\src\share\vm\prims\jvm.cpp:1166
Event: 0.792 Thread 0x000000000dcbf800 Threw 0x00000000ebf41140 at C:\jdk7u1_64p\jdk7u11\hotspot\src\share\vm\prims\jvm.cpp:1166
Event: 0.793 Thread 0x000000000dcbf800 Threw 0x00000000ebf4b968 at C:\jdk7u1_64p\jdk7u11\hotspot\src\share\vm\prims\jvm.cpp:1166
Event: 0.798 Thread 0x000000000dcbf800 Threw 0x00000000ebf51e90 at C:\jdk7u1_64p\jdk7u11\hotspot\src\share\vm\prims\jvm.cpp:1166
Event: 0.799 Thread 0x000000000dcbf800 Threw 0x00000000ebf555a8 at C:\jdk7u1_64p\jdk7u11\hotspot\src\share\vm\prims\jvm.cpp:1166
Event: 0.799 Thread 0x000000000dcbf800 Threw 0x00000000ebf58848 at C:\jdk7u1_64p\jdk7u11\hotspot\src\share\vm\prims\jvm.cpp:1166

Events (10 events):
Event: 0.792 loading class 0x0000000009e9e7f0
Event: 0.792 loading class 0x0000000009e9e7f0 done
Event: 0.793 loading class 0x0000000009e9e640
Event: 0.793 loading class 0x0000000009e9e640 done
Event: 0.798 loading class 0x0000000009ef1c80
Event: 0.798 loading class 0x0000000009ef1c80 done
Event: 0.799 loading class 0x0000000009eefeb0
Event: 0.799 loading class 0x0000000009eefeb0 done
Event: 0.799 loading class 0x0000000009ef1a40
Event: 0.799 loading class 0x0000000009ef1a40 done


Dynamic libraries:
0x000007f6008b0000 - 0x000007f6008e3000 	C:\Program Files\jmonkeyplatform\jdk\bin\java.exe
0x000007fcc43e0000 - 0x000007fcc45a0000 	C:\Windows\SYSTEM32\ntdll.dll
0x000007fcc3cb0000 - 0x000007fcc3de6000 	C:\Windows\system32\KERNEL32.DLL
0x000007fcc16d0000 - 0x000007fcc17c3000 	C:\Windows\system32\KERNELBASE.dll
0x000007fcc37d0000 - 0x000007fcc38ae000 	C:\Windows\system32\ADVAPI32.dll
0x000007fcc3330000 - 0x000007fcc347c000 	C:\Windows\system32\USER32.dll
0x000007fcbead0000 - 0x000007fcbed3a000 	C:\Windows\WinSxS\amd64_microsoft.windows.common-controls_6595b64144ccf1df_6.0.9200.16579_none_418ab7ef718b27ef\COMCTL32.dll
0x000007fcc3e50000 - 0x000007fcc3ef5000 	C:\Windows\system32\msvcrt.dll
0x000007fcc1ae0000 - 0x000007fcc1b28000 	C:\Windows\SYSTEM32\sechost.dll
0x000007fcc4290000 - 0x000007fcc43d5000 	C:\Windows\system32\RPCRT4.dll
0x000007fcc4140000 - 0x000007fcc4281000 	C:\Windows\system32\GDI32.dll
0x000007fcc3bc0000 - 0x000007fcc3bf9000 	C:\Windows\system32\IMM32.DLL
0x000007fcc3520000 - 0x000007fcc3636000 	C:\Windows\system32\MSCTF.dll
0x0000000066b90000 - 0x0000000066c61000 	C:\Program Files\jmonkeyplatform\jdk\jre\bin\msvcr100.dll
0x0000000067360000 - 0x0000000067a7f000 	C:\Program Files\jmonkeyplatform\jdk\jre\bin\server\jvm.dll
0x000007fcbee40000 - 0x000007fcbee49000 	C:\Windows\SYSTEM32\WSOCK32.dll
0x000007fcb6a30000 - 0x000007fcb6a50000 	C:\Windows\SYSTEM32\WINMM.dll
0x000007fcc1a60000 - 0x000007fcc1a67000 	C:\Windows\system32\PSAPI.DLL
0x000007fcc3df0000 - 0x000007fcc3e48000 	C:\Windows\system32\WS2_32.dll
0x000007fcb69f0000 - 0x000007fcb6a23000 	C:\Windows\SYSTEM32\WINMMBASE.dll
0x000007fcc4130000 - 0x000007fcc4139000 	C:\Windows\system32\NSI.dll
0x000007fcc13c0000 - 0x000007fcc140f000 	C:\Windows\SYSTEM32\cfgmgr32.dll
0x000007fcc15f0000 - 0x000007fcc1612000 	C:\Windows\system32\DEVOBJ.dll
0x0000000067b60000 - 0x0000000067b6f000 	C:\Program Files\jmonkeyplatform\jdk\jre\bin\verify.dll
0x0000000067b30000 - 0x0000000067b58000 	C:\Program Files\jmonkeyplatform\jdk\jre\bin\java.dll
0x0000000067b10000 - 0x0000000067b25000 	C:\Program Files\jmonkeyplatform\jdk\jre\bin\zip.dll
0x0000000067af0000 - 0x0000000067b09000 	C:\Program Files\jmonkeyplatform\jdk\jre\bin\net.dll
0x000007fcc0ab0000 - 0x000007fcc0b0c000 	C:\Windows\system32\mswsock.dll
0x0000000067ad0000 - 0x0000000067ae1000 	C:\Program Files\jmonkeyplatform\jdk\jre\bin\nio.dll
0x0000000180000000 - 0x0000000180050000 	C:\Users\Glandaizer\Dropbox\Skole\Master 1_2\ComputerGraphics\Assignment2\lwjgl64.dll
0x000007fca4b30000 - 0x000007fca4c4f000 	C:\Windows\SYSTEM32\OPENGL32.dll
0x000007fcbed60000 - 0x000007fcbed69000 	C:\Windows\SYSTEM32\VERSION.dll
0x000007fcbbc50000 - 0x000007fcbbc7c000 	C:\Windows\SYSTEM32\GLU32.dll
0x000007fca4ee0000 - 0x000007fca4fca000 	C:\Windows\SYSTEM32\DDRAW.dll
0x000007fcbe8d0000 - 0x000007fcbe8d8000 	C:\Windows\SYSTEM32\DCIMAN32.dll
0x000007fcc0120000 - 0x000007fcc0206000 	C:\Windows\system32\uxtheme.dll
0x000007fcbf550000 - 0x000007fcbf571000 	C:\Windows\SYSTEM32\dwmapi.dll
0x000007fcbe680000 - 0x000007fcbe689000 	C:\Windows\SYSTEM32\atig6pxx.dll
0x0000000069030000 - 0x000000006a988000 	C:\Windows\SYSTEM32\atio6axx.dll
0x000007fcc1cf0000 - 0x000007fcc1ec0000 	C:\Windows\system32\SETUPAPI.dll
0x000007fcbd7c0000 - 0x000007fcbd850000 	C:\Windows\SYSTEM32\atiadlxx.dll
0x000007fcc1f90000 - 0x000007fcc3270000 	C:\Windows\system32\SHELL32.dll
0x000007fcc3650000 - 0x000007fcc37ce000 	C:\Windows\system32\ole32.dll
0x000007fcc0b10000 - 0x000007fcc0b2f000 	C:\Windows\SYSTEM32\USERENV.dll
0x000007fcc11a0000 - 0x000007fcc11b1000 	C:\Windows\SYSTEM32\WTSAPI32.dll
0x000007fcc3a10000 - 0x000007fcc3bc0000 	C:\Windows\SYSTEM32\combase.dll
0x000007fcc32e0000 - 0x000007fcc3330000 	C:\Windows\system32\SHLWAPI.dll
0x000007fcc1290000 - 0x000007fcc12a5000 	C:\Windows\SYSTEM32\profapi.dll
0x000007fcc1360000 - 0x000007fcc13b5000 	C:\Windows\system32\WINTRUST.dll
0x000007fcc1410000 - 0x000007fcc15e1000 	C:\Windows\system32\CRYPT32.dll
0x000007fcc1340000 - 0x000007fcc1356000 	C:\Windows\system32\MSASN1.dll
0x000007fcbc370000 - 0x000007fcbc47e000 	C:\Windows\SYSTEM32\aticfx64.dll
0x000007fcbe590000 - 0x000007fcbe59e000 	C:\Windows\SYSTEM32\atig6txx.dll
0x000007fcc10d0000 - 0x000007fcc10da000 	C:\Windows\SYSTEM32\CRYPTBASE.dll
0x000007fcc1070000 - 0x000007fcc10cc000 	C:\Windows\SYSTEM32\bcryptPrimitives.dll
0x000007fcadc40000 - 0x000007fcadcd1000 	C:\Windows\SYSTEM32\mscms.dll
0x000007fcb01c0000 - 0x000007fcb0200000 	C:\Windows\SYSTEM32\icm32.dll
0x000007fcc3480000 - 0x000007fcc3516000 	C:\Windows\SYSTEM32\clbcatq.dll
0x000007fcc1ec0000 - 0x000007fcc1f83000 	C:\Windows\system32\OLEAUT32.dll
0x00000000671c0000 - 0x0000000067353000 	C:\Program Files\jmonkeyplatform\jdk\jre\bin\awt.dll
0x000007fcbc160000 - 0x000007fcbc1ff000 	C:\Windows\system32\apphelp.dll
0x000000000d230000 - 0x000000000d294000 	C:\Users\Glandaizer\Dropbox\Skole\Master 1_2\ComputerGraphics\Assignment2\OpenAL64.dll
0x000007fcbf920000 - 0x000007fcbf9b6000 	C:\Windows\SYSTEM32\SHCORE.dll
0x000007fcbedb0000 - 0x000007fcbee12000 	C:\Windows\System32\MMDevApi.dll
0x000007fca6280000 - 0x000007fca630b000 	C:\Windows\SYSTEM32\dsound.dll
0x000007fcc1230000 - 0x000007fcc1273000 	C:\Windows\SYSTEM32\POWRPROF.dll
0x000007fcb0760000 - 0x000007fcb07d2000 	C:\Windows\SYSTEM32\AUDIOSES.DLL
0x000007fcbf250000 - 0x000007fcbf3b3000 	C:\Windows\SYSTEM32\dbghelp.dll

VM Arguments:
jvm_args: -Dfile.encoding=UTF-8 
java_command: mygame.Main
Launcher Type: SUN_STANDARD

Environment Variables:
PATH=C:\Program Files (x86)\AMD APP\bin\x86_64;C:\Program Files (x86)\AMD APP\bin\x86;C:\Program Files\Java\jdk1.7.0_11\bin;C:\Windows\system32;C:\Windows;C:\Windows\System32\Wbem;C:\Windows\System32\WindowsPowerShell\v1.0\;C:\Program Files\Microsoft\Web Platform Installer\;C:\Program Files (x86)\Microsoft ASP.NET\ASP.NET Web Pages\v1.0\;C:\Program Files (x86)\Windows Kits\8.0\Windows Performance Toolkit\;C:\Program Files\Microsoft SQL Server\110\Tools\Binn\;C:\Program Files\MiKTeX 2.9\miktex\bin\x64\;C:\Program Files (x86)\ATI Technologies\ATI.ACE\Core-Static;C:\Program Files (x86)\Microsoft SQL Server\110\Tools\Binn\;C:\Program Files\Microsoft SQL Server\110\DTS\Binn\;C:\Program Files (x86)\Microsoft SQL Server\110\Tools\Binn\ManagementStudio\;C:\Program Files (x86)\Microsoft SQL Server\110\DTS\Binn\;C:\Program Files\MATLAB\R2012a\bin
USERNAME=Glandaizer
OS=Windows_NT
PROCESSOR_IDENTIFIER=Intel64 Family 6 Model 23 Stepping 7, GenuineIntel



---------------  S Y S T E M  ---------------

OS: Windows 8 , 64 bit Build 9200 

CPU:total 4 (4 cores per cpu, 1 threads per core) family 6 model 23 stepping 7, cmov, cx8, fxsr, mmx, sse, sse2, sse3, ssse3, sse4.1, tsc

Memory: 4k page, physical 4060780k(2217376k free), swap 5036112k(1834288k free)

vm_info: Java HotSpot(TM) 64-Bit Server VM (23.6-b04) for windows-amd64 JRE (1.7.0_11-b21), built on Jan 12 2013 02:38:42 by "java_re" with unknown MS VC++:1600

time: Fri Nov 22 15:31:29 2013
elapsed time: 1 seconds

